<?xml version="1.0" encoding="UTF-8"?>
<testng-results ignored="0" total="1" passed="1" failed="0" skipped="0">
  <reporter-output>
  </reporter-output>
  <suite started-at="2019-07-30T06:52:18Z" name="Suite" finished-at="2019-07-30T06:52:39Z" duration-ms="20791">
    <groups>
    </groups>
    <test started-at="2019-07-30T06:52:18Z" name="Test" finished-at="2019-07-30T06:52:39Z" duration-ms="20791">
      <class name="testcases.LoginTest">
        <test-method signature="setUp()[pri:0, instance:testcases.LoginTest@2de23121]" started-at="2019-07-30T06:52:18Z" name="setUp" finished-at="2019-07-30T06:52:39Z" duration-ms="20647" status="PASS">
          <reporter-output>
          </reporter-output>
        </test-method> <!-- setUp -->
      </class> <!-- testcases.LoginTest -->
    </test> <!-- Test -->
  </suite> <!-- Suite -->
</testng-results>
